<?xml version="1.0" encoding="UTF-8"?>
<testsuite xmlns:xsi="http://www.w3.org/2001/XMLSchema-instance" xsi:noNamespaceSchemaLocation="https://maven.apache.org/surefire/maven-surefire-plugin/xsd/surefire-test-report.xsd" name="nl.rosa.semanticdatabase.AppTest" time="0.051" tests="1" errors="0" skipped="0" failures="0">
  <properties>
    <property name="java.specification.version" value="14"/>
    <property name="sun.cpu.isalist" value="amd64"/>
    <property name="sun.jnu.encoding" value="Cp1252"/>
    <property name="java.class.path" value="C:\Users\Default.DESKTOP-NDDI22K\Documents\Source\semanticdatabase\bmm\target\test-classes;C:\Users\Default.DESKTOP-NDDI22K\Documents\Source\semanticdatabase\bmm\target\classes;C:\Users\Default.DESKTOP-NDDI22K\.m2\repository\junit\junit\4.11\junit-4.11.jar;C:\Users\Default.DESKTOP-NDDI22K\.m2\repository\org\hamcrest\hamcrest-core\1.3\hamcrest-core-1.3.jar;"/>
    <property name="java.vm.vendor" value="Oracle Corporation"/>
    <property name="sun.arch.data.model" value="64"/>
    <property name="user.variant" value=""/>
    <property name="java.vendor.url" value="https://java.oracle.com/"/>
    <property name="user.timezone" value="Europe/Amsterdam"/>
    <property name="os.name" value="Windows 10"/>
    <property name="java.vm.specification.version" value="14"/>
    <property name="sun.java.launcher" value="SUN_STANDARD"/>
    <property name="user.country" value="NL"/>
    <property name="sun.boot.library.path" value="C:\jdk-14\bin"/>
    <property name="sun.java.command" value="C:\Users\DEFAUL~1.DES\AppData\Local\Temp\surefire15587335081031923015\surefirebooter14439868499860510180.jar C:\Users\Default.DESKTOP-NDDI22K\AppData\Local\Temp\surefire15587335081031923015 2020-12-10T22-42-50_336-jvmRun1 surefire401862892756524408tmp surefire_19940927550975203230tmp"/>
    <property name="jdk.debug" value="release"/>
    <property name="surefire.test.class.path" value="C:\Users\Default.DESKTOP-NDDI22K\Documents\Source\semanticdatabase\bmm\target\test-classes;C:\Users\Default.DESKTOP-NDDI22K\Documents\Source\semanticdatabase\bmm\target\classes;C:\Users\Default.DESKTOP-NDDI22K\.m2\repository\junit\junit\4.11\junit-4.11.jar;C:\Users\Default.DESKTOP-NDDI22K\.m2\repository\org\hamcrest\hamcrest-core\1.3\hamcrest-core-1.3.jar;"/>
    <property name="sun.cpu.endian" value="little"/>
    <property name="user.home" value="C:\Users\Default.DESKTOP-NDDI22K"/>
    <property name="user.language" value="nl"/>
    <property name="java.specification.vendor" value="Oracle Corporation"/>
    <property name="java.version.date" value="2020-03-17"/>
    <property name="java.home" value="C:\jdk-14"/>
    <property name="file.separator" value="\"/>
    <property name="basedir" value="C:\Users\Default.DESKTOP-NDDI22K\Documents\Source\semanticdatabase\bmm"/>
    <property name="java.vm.compressedOopsMode" value="Zero based"/>
    <property name="line.separator" value="&#10;"/>
    <property name="java.vm.specification.vendor" value="Oracle Corporation"/>
    <property name="java.specification.name" value="Java Platform API Specification"/>
    <property name="surefire.real.class.path" value="C:\Users\DEFAUL~1.DES\AppData\Local\Temp\surefire15587335081031923015\surefirebooter14439868499860510180.jar"/>
    <property name="user.script" value=""/>
    <property name="sun.management.compiler" value="HotSpot 64-Bit Tiered Compilers"/>
    <property name="java.runtime.version" value="14+36-1461"/>
    <property name="user.name" value="Default"/>
    <property name="path.separator" value=";"/>
    <property name="os.version" value="10.0"/>
    <property name="java.runtime.name" value="OpenJDK Runtime Environment"/>
    <property name="file.encoding" value="Cp1252"/>
    <property name="java.vm.name" value="OpenJDK 64-Bit Server VM"/>
    <property name="localRepository" value="C:\Users\Default.DESKTOP-NDDI22K\.m2\repository"/>
    <property name="java.vendor.url.bug" value="https://bugreport.java.com/bugreport/"/>
    <property name="java.io.tmpdir" value="C:\Users\DEFAUL~1.DES\AppData\Local\Temp\"/>
    <property name="java.version" value="14"/>
    <property name="user.dir" value="C:\Users\Default.DESKTOP-NDDI22K\Documents\Source\semanticdatabase\bmm"/>
    <property name="os.arch" value="amd64"/>
    <property name="java.vm.specification.name" value="Java Virtual Machine Specification"/>
    <property name="sun.os.patch.level" value=""/>
    <property name="java.library.path" value="C:\jdk-14\bin;C:\WINDOWS\Sun\Java\bin;C:\WINDOWS\system32;C:\WINDOWS;C:\Users\Default.DESKTOP-NDDI22K\bin;C:\Program Files\Git\mingw64\bin;C:\Program Files\Git\usr\local\bin;C:\Program Files\Git\usr\bin;C:\Program Files\Git\usr\bin;C:\Program Files\Git\mingw64\bin;C:\Program Files\Git\usr\bin;C:\Users\Default.DESKTOP-NDDI22K\bin;C:\jdk-14\bin;C:\WINDOWS\system32;C:\WINDOWS;C:\WINDOWS\System32\Wbem;C:\WINDOWS\System32\WindowsPowerShell\v1.0;C:\Program Files\Git\cmd;C:\WINDOWS\System32\OpenSSH;C:\apache-maven-3.6.2\bin;C:\ProgramData\chocolatey\bin;C:\Program Files\TortoiseGit\bin;C:\Program Files\Docker\Docker\resources\bin;C:\ProgramData\DockerDesktop\version-bin;C:\Users\Default.DESKTOP-NDDI22K\AppData\Local\Programs\Python\Python38-32\Scripts;C:\Users\Default.DESKTOP-NDDI22K\AppData\Local\Programs\Python\Python38-32;C:\Users\Default.DESKTOP-NDDI22K\AppData\Local\Microsoft\WindowsApps;C:\Users\Default.DESKTOP-NDDI22K\AppData\Local\GitHubDesktop\bin;C:\Users\Default.DESKTOP-NDDI22K\AppData\Local\Microsoft\WindowsApps;C:\Users\Default.DESKTOP-NDDI22K\AppData\Local\Programs\Microsoft VS Code\bin;C:\apache-ant-1.10.7\bin;C:\Users\Default.DESKTOP-NDDI22K\AppData\Local\atom\bin;C:\Gradle\gradle-6.2.2\bin;C:\Program Files\JetBrains\IntelliJ IDEA 2020.1\bin;C:\Program Files\Git\usr\bin\vendor_perl;C:\Program Files\Git\usr\bin\core_perl;."/>
    <property name="java.vm.info" value="mixed mode, sharing"/>
    <property name="java.vendor" value="Oracle Corporation"/>
    <property name="java.vm.version" value="14+36-1461"/>
    <property name="sun.io.unicode.encoding" value="UnicodeLittle"/>
    <property name="java.class.version" value="58.0"/>
  </properties>
  <testcase name="shouldAnswerWithTrue" classname="nl.rosa.semanticdatabase.AppTest" time="0.001"/>
</testsuite>